  [4;36;1mSQL (0.2ms)[0m   [0;1m SELECT name
 FROM sqlite_master
 WHERE type = 'table' AND NOT name = 'sqlite_sequence'
[0m
  [4;35;1mSQL (0.1ms)[0m   [0mselect sqlite_version(*)[0m
  [4;36;1mSQL (3.0ms)[0m   [0;1mCREATE TABLE "schema_migrations" ("version" varchar(255) NOT NULL) [0m
  [4;35;1mSQL (2.0ms)[0m   [0mCREATE UNIQUE INDEX "unique_schema_migrations" ON "schema_migrations" ("version")[0m
  [4;36;1mSQL (0.2ms)[0m   [0;1m SELECT name
 FROM sqlite_master
 WHERE type = 'table' AND NOT name = 'sqlite_sequence'
[0m
  [4;35;1mSQL (0.1ms)[0m   [0mSELECT version FROM schema_migrations[0m
Migrating to CreateUsers (20091006033703)
  [4;36;1mSQL (0.5ms)[0m   [0;1mCREATE TABLE "users" ("id" INTEGER PRIMARY KEY AUTOINCREMENT NOT NULL, "email" varchar(255) NOT NULL, "crypted_password" varchar(255) NOT NULL, "password_salt" varchar(255) NOT NULL, "persistence_token" varchar(255) NOT NULL, "single_access_token" varchar(255) NOT NULL, "perishable_token" varchar(255) NOT NULL, "login_count" integer DEFAULT 0 NOT NULL, "failed_login_count" integer DEFAULT 0 NOT NULL, "last_request_at" datetime, "current_login_at" datetime, "last_login_at" datetime, "current_login_ip" varchar(255), "last_login_ip" varchar(255), "created_at" datetime, "updated_at" datetime) [0m
  [4;35;1mSQL (0.1ms)[0m   [0mINSERT INTO schema_migrations (version) VALUES ('20091006033703')[0m
  [4;36;1mSQL (0.3ms)[0m   [0;1m SELECT name
 FROM sqlite_master
 WHERE type = 'table' AND NOT name = 'sqlite_sequence'
[0m
  [4;35;1mSQL (0.1ms)[0m   [0mSELECT version FROM schema_migrations[0m
  [4;36;1mSQL (0.1ms)[0m   [0;1m SELECT name
 FROM sqlite_master
 WHERE type = 'table' AND NOT name = 'sqlite_sequence'
[0m
  [4;35;1mSQL (0.0ms)[0m   [0mPRAGMA index_list("users")[0m
  [4;36;1mSQL (0.4ms)[0m   [0;1m SELECT name
 FROM sqlite_master
 WHERE type = 'table' AND NOT name = 'sqlite_sequence'
[0m
  [4;35;1mSQL (0.5ms)[0m   [0mSELECT version FROM schema_migrations[0m
Migrating to CreateUsers (20091006033703)
Migrating to CreateVestalVersions (20091014040422)
  [4;36;1mSQL (0.2ms)[0m   [0;1mselect sqlite_version(*)[0m
  [4;35;1mSQL (0.7ms)[0m   [0mCREATE TABLE "versions" ("id" INTEGER PRIMARY KEY AUTOINCREMENT NOT NULL, "versioned_id" integer, "versioned_type" varchar(255), "changes" text, "number" integer, "created_at" datetime) [0m
  [4;36;1mSQL (0.2ms)[0m   [0;1mCREATE INDEX "index_versions_on_versioned_type_and_versioned_id" ON "versions" ("versioned_type", "versioned_id")[0m
  [4;35;1mSQL (0.2ms)[0m   [0mCREATE INDEX "index_versions_on_number" ON "versions" ("number")[0m
  [4;36;1mSQL (0.2ms)[0m   [0;1mCREATE INDEX "index_versions_on_created_at" ON "versions" ("created_at")[0m
  [4;35;1mSQL (0.9ms)[0m   [0mINSERT INTO schema_migrations (version) VALUES ('20091014040422')[0m
  [4;36;1mSQL (0.3ms)[0m   [0;1m SELECT name
 FROM sqlite_master
 WHERE type = 'table' AND NOT name = 'sqlite_sequence'
[0m
  [4;35;1mSQL (0.1ms)[0m   [0mSELECT version FROM schema_migrations[0m
  [4;36;1mSQL (0.2ms)[0m   [0;1m SELECT name
 FROM sqlite_master
 WHERE type = 'table' AND NOT name = 'sqlite_sequence'
[0m
  [4;35;1mSQL (0.0ms)[0m   [0mPRAGMA index_list("users")[0m
  [4;36;1mSQL (0.2ms)[0m   [0;1mPRAGMA index_list("versions")[0m
  [4;35;1mSQL (0.1ms)[0m   [0mPRAGMA index_info('index_versions_on_created_at')[0m
  [4;36;1mSQL (0.1ms)[0m   [0;1mPRAGMA index_info('index_versions_on_number')[0m
  [4;35;1mSQL (0.1ms)[0m   [0mPRAGMA index_info('index_versions_on_versioned_type_and_versioned_id')[0m
  [4;36;1mSQL (0.5ms)[0m   [0;1m SELECT name
 FROM sqlite_master
 WHERE type = 'table' AND NOT name = 'sqlite_sequence'
[0m
  [4;35;1mSQL (0.1ms)[0m   [0mSELECT version FROM schema_migrations[0m
Migrating to CreateUsers (20091006033703)
Migrating to CreateVestalVersions (20091014040422)
Migrating to CreateRoles (20091014040849)
  [4;36;1mSQL (0.1ms)[0m   [0;1mselect sqlite_version(*)[0m
  [4;35;1mSQL (0.5ms)[0m   [0mCREATE TABLE "roles" ("id" INTEGER PRIMARY KEY AUTOINCREMENT NOT NULL, "name" varchar(255), "authorizable_type" varchar(255), "authorizable_id" integer, "created_at" datetime, "updated_at" datetime) [0m
  [4;36;1mSQL (0.1ms)[0m   [0;1mINSERT INTO schema_migrations (version) VALUES ('20091014040849')[0m
Migrating to CreateRolesUsersTable (20091014041311)
  [4;35;1mSQL (0.4ms)[0m   [0mCREATE TABLE "roles_users" ("id" INTEGER PRIMARY KEY AUTOINCREMENT NOT NULL, "user_id" integer, "role_id" integer, "created_at" datetime, "updated_at" datetime) [0m
  [4;36;1mSQL (0.1ms)[0m   [0;1mINSERT INTO schema_migrations (version) VALUES ('20091014041311')[0m
  [4;35;1mSQL (0.4ms)[0m   [0m SELECT name
 FROM sqlite_master
 WHERE type = 'table' AND NOT name = 'sqlite_sequence'
[0m
  [4;36;1mSQL (0.2ms)[0m   [0;1mSELECT version FROM schema_migrations[0m
  [4;35;1mSQL (0.2ms)[0m   [0m SELECT name
 FROM sqlite_master
 WHERE type = 'table' AND NOT name = 'sqlite_sequence'
[0m
  [4;36;1mSQL (0.0ms)[0m   [0;1mPRAGMA index_list("roles")[0m
  [4;35;1mSQL (0.0ms)[0m   [0mPRAGMA index_list("roles_users")[0m
  [4;36;1mSQL (0.0ms)[0m   [0;1mPRAGMA index_list("users")[0m
  [4;35;1mSQL (0.2ms)[0m   [0mPRAGMA index_list("versions")[0m
  [4;36;1mSQL (0.1ms)[0m   [0;1mPRAGMA index_info('index_versions_on_created_at')[0m
  [4;35;1mSQL (0.1ms)[0m   [0mPRAGMA index_info('index_versions_on_number')[0m
  [4;36;1mSQL (0.1ms)[0m   [0;1mPRAGMA index_info('index_versions_on_versioned_type_and_versioned_id')[0m


Processing UserSessionsController#index (for 127.0.0.1 at 2009-10-13 23:51:33) [GET]
  Parameters: {"action"=>"index", "controller"=>"user_sessions"}

Acl9::AccessDenied (Acl9::AccessDenied):
  /Library/Ruby/Gems/1.8/gems/be9-acl9-0.11.0/lib/acl9/controller_extensions/generators.rb:110:in `to_proc'

Rendered rescues/_trace (33.5ms)
Rendered rescues/_request_and_response (1.1ms)
Rendering rescues/layout (internal_server_error)


Processing UserSessionsController#index (for 127.0.0.1 at 2009-10-13 23:52:53) [GET]
  Parameters: {"action"=>"index", "controller"=>"user_sessions"}
Rendering template within layouts/application
Rendering user_sessions/index
Completed in 152ms (View: 151, DB: 0) | 200 OK [http://localhost/user_sessions/]


Processing UserSessionsController#show (for 127.0.0.1 at 2009-10-13 23:52:57) [GET]
  Parameters: {"action"=>"show", "controller"=>"user_sessions"}

Acl9::AccessDenied (Acl9::AccessDenied):
  /Library/Ruby/Gems/1.8/gems/be9-acl9-0.11.0/lib/acl9/controller_extensions/generators.rb:110:in `to_proc'

Rendered rescues/_trace (33.4ms)
Rendered rescues/_request_and_response (0.3ms)
Rendering rescues/layout (internal_server_error)


Processing UserSessionsController#new (for 127.0.0.1 at 2009-10-13 23:53:22) [GET]
  Parameters: {"action"=>"new", "controller"=>"user_sessions"}

ActionView::MissingTemplate (Missing template user_sessions/new.erb in view path app/views):
  

Rendering rescues/layout (internal_server_error)


Processing UserSessionsController#index (for 127.0.0.1 at 2009-10-14 01:01:18) [GET]
  Parameters: {"action"=>"index", "controller"=>"user_sessions"}
Rendering template within layouts/application
Rendering user_sessions/index
Completed in 986ms (View: 984, DB: 0) | 200 OK [http://localhost/user_sessions/]


Processing ApplicationController#new (for 127.0.0.1 at 2009-10-14 01:01:25) [GET]
  Parameters: {"action"=>"new", "controller"=>"users"}

NoMethodError (undefined method `access_contral' for UsersController:Class):
  app/controllers/users_controller.rb:4

Rendered rescues/_trace (351.0ms)
Rendered rescues/_request_and_response (52.0ms)
Rendering rescues/layout (internal_server_error)


Processing UsersController#new (for 127.0.0.1 at 2009-10-14 01:01:39) [GET]
  Parameters: {"action"=>"new", "controller"=>"users"}
Rendering template within layouts/application
Rendering users/new

ActionView::TemplateError (undefined local variable or method `account_path' for #<ActionView::Base:0x1036551e0>) on line #3 of app/views/users/new.html.erb:
1: h1>Register</h1>
2:  
3: <% form_for @user, :url => account_path do |f| %>
4:   <%= f.error_messages %>
5:   <%= render :partial => "form", :object => f %>
6:   <%= f.submit "Register" %>

    app/views/users/new.html.erb:3

Rendered rescues/_trace (41.9ms)
Rendered rescues/_request_and_response (0.3ms)
Rendering rescues/layout (internal_server_error)


Processing UsersController#new (for 127.0.0.1 at 2009-10-14 01:02:27) [GET]
  Parameters: {"action"=>"new", "controller"=>"users"}
Rendering template within layouts/application
Rendering users/new

ActionView::TemplateError (undefined local variable or method `user_path' for #<ActionView::Base:0x1032fe230>) on line #3 of app/views/users/new.html.erb:
1: h1>Register</h1>
2:  
3: <% form_for @user, :url => user_path do |f| %>
4:   <%= f.error_messages %>
5:   <%= render :partial => "form", :object => f %>
6:   <%= f.submit "Register" %>

    app/views/users/new.html.erb:3

Rendered rescues/_trace (54.1ms)
Rendered rescues/_request_and_response (0.3ms)
Rendering rescues/layout (internal_server_error)


Processing UsersController#new (for 127.0.0.1 at 2009-10-14 01:02:38) [GET]
  Parameters: {"action"=>"new", "controller"=>"users"}
Rendering template within layouts/application
Rendering users/new

ActionView::TemplateError (undefined local variable or method `users_path' for #<ActionView::Base:0x1033fa350>) on line #3 of app/views/users/new.html.erb:
1: h1>Register</h1>
2:  
3: <% form_for @user, :url => users_path do |f| %>
4:   <%= f.error_messages %>
5:   <%= render :partial => "form", :object => f %>
6:   <%= f.submit "Register" %>

    app/views/users/new.html.erb:3

Rendered rescues/_trace (300.9ms)
Rendered rescues/_request_and_response (0.3ms)
Rendering rescues/layout (internal_server_error)


Processing UsersController#new (for 127.0.0.1 at 2009-10-14 01:03:15) [GET]
  Parameters: {"action"=>"new", "controller"=>"users"}
Rendering template within layouts/application
Rendering users/new

ActionView::TemplateError (undefined local variable or method `user_path' for #<ActionView::Base:0x1035bbf18>) on line #3 of app/views/users/new.html.erb:
1: h1>Register</h1>
2:  
3: <% form_for @user, :url => user_path do |f| %>
4:   <%= f.error_messages %>
5:   <%= render :partial => "form", :object => f %>
6:   <%= f.submit "Register" %>

    app/views/users/new.html.erb:3

Rendered rescues/_trace (108.8ms)
Rendered rescues/_request_and_response (0.3ms)
Rendering rescues/layout (internal_server_error)


Processing UsersController#new (for 127.0.0.1 at 2009-10-14 01:04:58) [GET]
  Parameters: {"action"=>"new", "controller"=>"users"}
Rendering template within layouts/application
Rendering users/new

ActionView::TemplateError (undefined local variable or method `f' for #<ActionView::Base:0x103411a50>) on line #1 of app/views/users/_form.erb:
1: <%= f.label :login %><br />
2: <%= f.text_field :login %><br />
3: <br />
4: <%= f.label :password, f.object.new_record? ? nil : "Change password" %><br />

    app/views/users/_form.erb:1
    app/views/users/new.html.erb:5
    app/views/users/new.html.erb:3

Rendered rescues/_trace (53.9ms)
Rendered rescues/_request_and_response (2.1ms)
Rendering rescues/layout (internal_server_error)


Processing UsersController#new (for 127.0.0.1 at 2009-10-14 01:05:21) [GET]
  Parameters: {"action"=>"new", "controller"=>"users"}
Rendering template within layouts/application
Rendering users/new

ActionView::TemplateError (undefined method `login' for #<User:0x1033aae68>) on line #2 of app/views/users/_form.erb:
1: <%= form.label :login %><br />
2: <%= form.text_field :login %><br />
3: <br />
4: <%= form.label :password, form.object.new_record? ? nil : "Change password" %><br />
5: <%= form.password_field :password %><br />

    app/views/users/_form.erb:2
    app/views/users/new.html.erb:5
    app/views/users/new.html.erb:3

Rendered rescues/_trace (594.4ms)
Rendered rescues/_request_and_response (0.3ms)
Rendering rescues/layout (internal_server_error)


Processing UsersController#new (for 127.0.0.1 at 2009-10-14 01:06:01) [GET]
  Parameters: {"action"=>"new", "controller"=>"users"}
Rendering template within layouts/application
Rendering users/new
Rendered users/_form (3.0ms)
Completed in 236ms (View: 94, DB: 0) | 200 OK [http://localhost/users/new]


Processing UsersController#new (for 127.0.0.1 at 2009-10-14 01:06:14) [GET]
  Parameters: {"action"=>"new", "controller"=>"users"}
Rendering template within layouts/application
Rendering users/new
Rendered users/_form (2.3ms)
Completed in 376ms (View: 142, DB: 0) | 200 OK [http://localhost/users/new]


Processing UsersController#create (for 127.0.0.1 at 2009-10-14 01:07:13) [POST]
  Parameters: {"commit"=>"Register", "action"=>"create", "authenticity_token"=>"/SuAfE9ebEOB8s48m9p6+lv0NSq6XueWt1wGyWzA6Hs=", "controller"=>"users", "user"=>{"password_confirmation"=>"[FILTERED]", "password"=>"[FILTERED]", "email"=>"blbigelow@gmail.com"}}
  [4;36;1mUser Load (22.2ms)[0m   [0;1mSELECT "users".id FROM "users" WHERE (LOWER("users"."email") = 'blbigelow@gmail.com') LIMIT 1[0m
  [4;35;1mUser Load (0.1ms)[0m   [0mSELECT "users".id FROM "users" WHERE ("users"."persistence_token" = 'b126825e227f7257cb4b59214909636ba807f8eaa710cdd4d1d95e594b0687f18d682be3b6e8fdf6e60ec9b3e6ba1efcb8fd7c79722728c46d9d66ce4605d3ae') LIMIT 1[0m
  [4;36;1mUser Load (0.1ms)[0m   [0;1mSELECT "users".id FROM "users" WHERE ("users"."single_access_token" = 'HE1wpY89X1overFddQu7') LIMIT 1[0m
  [4;35;1mUser Create (64.3ms)[0m   [0mINSERT INTO "users" ("single_access_token", "last_request_at", "created_at", "crypted_password", "perishable_token", "updated_at", "failed_login_count", "current_login_ip", "password_salt", "current_login_at", "persistence_token", "login_count", "last_login_ip", "last_login_at", "email") VALUES('HE1wpY89X1overFddQu7', '2009-10-14 07:07:16', '2009-10-14 07:07:16', '566712c889b2a54405cf345d4d4a8c58fe4e4e908e28c8a83a05b8b7414a3f91697a7d31d6f3406b85930417ba57f4ac7c4976d3101ef7db4a4b324d18754c87', '52QKNbxbkjs4kCVp9Y5u', '2009-10-14 07:07:16', 0, '127.0.0.1', 'pq9-EvukUR3jkONiOJd-', '2009-10-14 07:07:15', 'b126825e227f7257cb4b59214909636ba807f8eaa710cdd4d1d95e594b0687f18d682be3b6e8fdf6e60ec9b3e6ba1efcb8fd7c79722728c46d9d66ce4605d3ae', 1, NULL, NULL, 'blbigelow@gmail.com')[0m

NameError (undefined local variable or method `account_url' for #<UsersController:0x103286000>):
  app/controllers/users_controller.rb:18:in `create'

Rendered rescues/_trace (69.5ms)
Rendered rescues/_request_and_response (11.1ms)
Rendering rescues/layout (internal_server_error)


Processing UsersController#show (for 127.0.0.1 at 2009-10-14 01:07:40) [GET]
  Parameters: {"action"=>"show", "controller"=>"users"}
  [4;36;1mUser Load (9.9ms)[0m   [0;1mSELECT * FROM "users" WHERE ("users"."persistence_token" = 'b126825e227f7257cb4b59214909636ba807f8eaa710cdd4d1d95e594b0687f18d682be3b6e8fdf6e60ec9b3e6ba1efcb8fd7c79722728c46d9d66ce4605d3ae') LIMIT 1[0m
  [4;35;1mUser Update (0.4ms)[0m   [0mUPDATE "users" SET "login_count" = 1, "persistence_token" = 'b126825e227f7257cb4b59214909636ba807f8eaa710cdd4d1d95e594b0687f18d682be3b6e8fdf6e60ec9b3e6ba1efcb8fd7c79722728c46d9d66ce4605d3ae', "current_login_ip" = '127.0.0.1', "failed_login_count" = 0, "updated_at" = '2009-10-14 07:07:41', "created_at" = '2009-10-14 07:07:16', "email" = 'blbigelow@gmail.com', "perishable_token" = 'b5QBTnojo_ShPvahMDIU', "last_request_at" = '2009-10-14 07:07:41', "single_access_token" = 'HE1wpY89X1overFddQu7', "last_login_at" = NULL, "last_login_ip" = NULL, "current_login_at" = '2009-10-14 07:07:15', "password_salt" = 'pq9-EvukUR3jkONiOJd-', "crypted_password" = '566712c889b2a54405cf345d4d4a8c58fe4e4e908e28c8a83a05b8b7414a3f91697a7d31d6f3406b85930417ba57f4ac7c4976d3101ef7db4a4b324d18754c87' WHERE "id" = 1[0m

NoMethodError (undefined method `has_role?' for #<User:0x103629d88>):
  /Library/Ruby/Gems/1.8/gems/be9-acl9-0.11.0/lib/acl9/controller_extensions/generators.rb:109:in `to_proc'

Rendered rescues/_trace (37.8ms)
Rendered rescues/_request_and_response (0.3ms)
Rendering rescues/layout (internal_server_error)


Processing ApplicationController#index (for 127.0.0.1 at 2009-10-14 01:07:51) [GET]

ActionController::RoutingError (No route matches "/user/show/1" with {:method=>:get}):
  

Rendering rescues/layout (not_found)


Processing UsersController#show (for 127.0.0.1 at 2009-10-14 01:07:55) [GET]
  Parameters: {"action"=>"show", "id"=>"1", "controller"=>"users"}
  [4;36;1mUser Load (0.9ms)[0m   [0;1mSELECT * FROM "users" WHERE ("users"."persistence_token" = 'b126825e227f7257cb4b59214909636ba807f8eaa710cdd4d1d95e594b0687f18d682be3b6e8fdf6e60ec9b3e6ba1efcb8fd7c79722728c46d9d66ce4605d3ae') LIMIT 1[0m
  [4;35;1mUser Update (0.4ms)[0m   [0mUPDATE "users" SET "login_count" = 1, "persistence_token" = 'b126825e227f7257cb4b59214909636ba807f8eaa710cdd4d1d95e594b0687f18d682be3b6e8fdf6e60ec9b3e6ba1efcb8fd7c79722728c46d9d66ce4605d3ae', "current_login_ip" = '127.0.0.1', "failed_login_count" = 0, "updated_at" = '2009-10-14 07:07:55', "created_at" = '2009-10-14 07:07:16', "email" = 'blbigelow@gmail.com', "perishable_token" = 'txvx0ZAoyb5Cpm1ksqEm', "last_request_at" = '2009-10-14 07:07:55', "single_access_token" = 'HE1wpY89X1overFddQu7', "last_login_at" = NULL, "last_login_ip" = NULL, "current_login_at" = '2009-10-14 07:07:15', "password_salt" = 'pq9-EvukUR3jkONiOJd-', "crypted_password" = '566712c889b2a54405cf345d4d4a8c58fe4e4e908e28c8a83a05b8b7414a3f91697a7d31d6f3406b85930417ba57f4ac7c4976d3101ef7db4a4b324d18754c87' WHERE "id" = 1[0m

NoMethodError (undefined method `has_role?' for #<User:0x10320cd90>):
  /Library/Ruby/Gems/1.8/gems/be9-acl9-0.11.0/lib/acl9/controller_extensions/generators.rb:109:in `to_proc'

Rendered rescues/_trace (259.0ms)
Rendered rescues/_request_and_response (0.4ms)
Rendering rescues/layout (internal_server_error)


Processing UsersController#edit (for 127.0.0.1 at 2009-10-14 01:08:59) [GET]
  Parameters: {"action"=>"edit", "id"=>"1", "controller"=>"users"}
  [4;36;1mUser Load (16.9ms)[0m   [0;1mSELECT * FROM "users" WHERE ("users"."persistence_token" = 'b126825e227f7257cb4b59214909636ba807f8eaa710cdd4d1d95e594b0687f18d682be3b6e8fdf6e60ec9b3e6ba1efcb8fd7c79722728c46d9d66ce4605d3ae') LIMIT 1[0m
  [4;35;1mUser Update (26.3ms)[0m   [0mUPDATE "users" SET "login_count" = 1, "persistence_token" = 'b126825e227f7257cb4b59214909636ba807f8eaa710cdd4d1d95e594b0687f18d682be3b6e8fdf6e60ec9b3e6ba1efcb8fd7c79722728c46d9d66ce4605d3ae', "current_login_ip" = '127.0.0.1', "failed_login_count" = 0, "updated_at" = '2009-10-14 07:08:59', "created_at" = '2009-10-14 07:07:16', "email" = 'blbigelow@gmail.com', "perishable_token" = 'xSd52E31r_pLFdNlqWAY', "last_request_at" = '2009-10-14 07:08:59', "single_access_token" = 'HE1wpY89X1overFddQu7', "last_login_at" = NULL, "last_login_ip" = NULL, "current_login_at" = '2009-10-14 07:07:15', "password_salt" = 'pq9-EvukUR3jkONiOJd-', "crypted_password" = '566712c889b2a54405cf345d4d4a8c58fe4e4e908e28c8a83a05b8b7414a3f91697a7d31d6f3406b85930417ba57f4ac7c4976d3101ef7db4a4b324d18754c87' WHERE "id" = 1[0m

NoMethodError (undefined method `has_role?' for #<User:0x1033ff6c0>):
  /Library/Ruby/Gems/1.8/gems/be9-acl9-0.11.0/lib/acl9/controller_extensions/generators.rb:109:in `to_proc'

Rendered rescues/_trace (390.1ms)
Rendered rescues/_request_and_response (0.5ms)
Rendering rescues/layout (internal_server_error)


Processing UserSessionsController#index (for 127.0.0.1 at 2009-10-14 01:11:30) [GET]
  Parameters: {"action"=>"index", "controller"=>"user_sessions"}
Rendering template within layouts/application
Rendering user_sessions/index
Completed in 263ms (View: 218, DB: 0) | 200 OK [http://localhost/user_sessions/]


Processing UserSessionsController#new (for 127.0.0.1 at 2009-10-14 01:11:34) [GET]
  Parameters: {"action"=>"new", "controller"=>"user_sessions"}
  [4;36;1mUser Load (1.4ms)[0m   [0;1mSELECT * FROM "users" WHERE ("users"."persistence_token" = 'b126825e227f7257cb4b59214909636ba807f8eaa710cdd4d1d95e594b0687f18d682be3b6e8fdf6e60ec9b3e6ba1efcb8fd7c79722728c46d9d66ce4605d3ae') LIMIT 1[0m
  [4;35;1mUser Update (18.1ms)[0m   [0mUPDATE "users" SET "login_count" = 1, "persistence_token" = 'b126825e227f7257cb4b59214909636ba807f8eaa710cdd4d1d95e594b0687f18d682be3b6e8fdf6e60ec9b3e6ba1efcb8fd7c79722728c46d9d66ce4605d3ae', "current_login_ip" = '127.0.0.1', "failed_login_count" = 0, "updated_at" = '2009-10-14 07:11:36', "created_at" = '2009-10-14 07:07:16', "email" = 'blbigelow@gmail.com', "perishable_token" = 'gum-PuF3h0W4tVnglXTy', "last_request_at" = '2009-10-14 07:11:36', "single_access_token" = 'HE1wpY89X1overFddQu7', "last_login_at" = NULL, "last_login_ip" = NULL, "current_login_at" = '2009-10-14 07:07:15', "password_salt" = 'pq9-EvukUR3jkONiOJd-', "crypted_password" = '566712c889b2a54405cf345d4d4a8c58fe4e4e908e28c8a83a05b8b7414a3f91697a7d31d6f3406b85930417ba57f4ac7c4976d3101ef7db4a4b324d18754c87' WHERE "id" = 1[0m

Acl9::AccessDenied (Acl9::AccessDenied):
  /Library/Ruby/Gems/1.8/gems/be9-acl9-0.11.0/lib/acl9/controller_extensions/generators.rb:110:in `to_proc'

Rendered rescues/_trace (40.9ms)
Rendered rescues/_request_and_response (0.3ms)
Rendering rescues/layout (internal_server_error)


Processing UserSessionsController#show (for 127.0.0.1 at 2009-10-14 01:11:50) [GET]
  Parameters: {"action"=>"show", "controller"=>"user_sessions"}
  [4;36;1mUser Load (31.4ms)[0m   [0;1mSELECT * FROM "users" WHERE ("users"."persistence_token" = 'b126825e227f7257cb4b59214909636ba807f8eaa710cdd4d1d95e594b0687f18d682be3b6e8fdf6e60ec9b3e6ba1efcb8fd7c79722728c46d9d66ce4605d3ae') LIMIT 1[0m
  [4;35;1mUser Update (11.2ms)[0m   [0mUPDATE "users" SET "login_count" = 1, "persistence_token" = 'b126825e227f7257cb4b59214909636ba807f8eaa710cdd4d1d95e594b0687f18d682be3b6e8fdf6e60ec9b3e6ba1efcb8fd7c79722728c46d9d66ce4605d3ae', "current_login_ip" = '127.0.0.1', "failed_login_count" = 0, "updated_at" = '2009-10-14 07:11:50', "created_at" = '2009-10-14 07:07:16', "email" = 'blbigelow@gmail.com', "perishable_token" = 'ErR2Rh8xdYTbhBeryh8K', "last_request_at" = '2009-10-14 07:11:50', "single_access_token" = 'HE1wpY89X1overFddQu7', "last_login_at" = NULL, "last_login_ip" = NULL, "current_login_at" = '2009-10-14 07:07:15', "password_salt" = 'pq9-EvukUR3jkONiOJd-', "crypted_password" = '566712c889b2a54405cf345d4d4a8c58fe4e4e908e28c8a83a05b8b7414a3f91697a7d31d6f3406b85930417ba57f4ac7c4976d3101ef7db4a4b324d18754c87' WHERE "id" = 1[0m

Acl9::AccessDenied (Acl9::AccessDenied):
  /Library/Ruby/Gems/1.8/gems/be9-acl9-0.11.0/lib/acl9/controller_extensions/generators.rb:110:in `to_proc'

Rendered rescues/_trace (52.0ms)
Rendered rescues/_request_and_response (1514.4ms)
Rendering rescues/layout (internal_server_error)


Processing UserSessionsController#show (for 127.0.0.1 at 2009-10-14 01:12:04) [GET]
  Parameters: {"action"=>"show", "controller"=>"user_sessions"}
  [4;36;1mUser Load (10.3ms)[0m   [0;1mSELECT * FROM "users" WHERE ("users"."persistence_token" = 'b126825e227f7257cb4b59214909636ba807f8eaa710cdd4d1d95e594b0687f18d682be3b6e8fdf6e60ec9b3e6ba1efcb8fd7c79722728c46d9d66ce4605d3ae') LIMIT 1[0m
  [4;35;1mUser Update (0.4ms)[0m   [0mUPDATE "users" SET "login_count" = 1, "persistence_token" = 'b126825e227f7257cb4b59214909636ba807f8eaa710cdd4d1d95e594b0687f18d682be3b6e8fdf6e60ec9b3e6ba1efcb8fd7c79722728c46d9d66ce4605d3ae', "current_login_ip" = '127.0.0.1', "failed_login_count" = 0, "updated_at" = '2009-10-14 07:12:04', "created_at" = '2009-10-14 07:07:16', "email" = 'blbigelow@gmail.com', "perishable_token" = 'Iy770AqNI2l6z2gnCZuH', "last_request_at" = '2009-10-14 07:12:04', "single_access_token" = 'HE1wpY89X1overFddQu7', "last_login_at" = NULL, "last_login_ip" = NULL, "current_login_at" = '2009-10-14 07:07:15', "password_salt" = 'pq9-EvukUR3jkONiOJd-', "crypted_password" = '566712c889b2a54405cf345d4d4a8c58fe4e4e908e28c8a83a05b8b7414a3f91697a7d31d6f3406b85930417ba57f4ac7c4976d3101ef7db4a4b324d18754c87' WHERE "id" = 1[0m

Acl9::AccessDenied (Acl9::AccessDenied):
  /Library/Ruby/Gems/1.8/gems/be9-acl9-0.11.0/lib/acl9/controller_extensions/generators.rb:110:in `to_proc'

Rendered rescues/_trace (34.2ms)
Rendered rescues/_request_and_response (0.3ms)
Rendering rescues/layout (internal_server_error)


Processing UserSessionsController#index (for 127.0.0.1 at 2009-10-14 01:14:03) [GET]
  Parameters: {"action"=>"index", "controller"=>"user_sessions"}
Rendering template within layouts/application
Rendering user_sessions/index
Completed in 144ms (View: 70, DB: 0) | 200 OK [http://localhost/user_sessions/]


Processing UserSessionsController#show (for 127.0.0.1 at 2009-10-14 01:14:07) [GET]
  Parameters: {"action"=>"show", "controller"=>"user_sessions"}
  [4;36;1mUser Load (20.5ms)[0m   [0;1mSELECT * FROM "users" WHERE ("users"."persistence_token" = 'b126825e227f7257cb4b59214909636ba807f8eaa710cdd4d1d95e594b0687f18d682be3b6e8fdf6e60ec9b3e6ba1efcb8fd7c79722728c46d9d66ce4605d3ae') LIMIT 1[0m
  [4;35;1mUser Update (11.0ms)[0m   [0mUPDATE "users" SET "login_count" = 1, "persistence_token" = 'b126825e227f7257cb4b59214909636ba807f8eaa710cdd4d1d95e594b0687f18d682be3b6e8fdf6e60ec9b3e6ba1efcb8fd7c79722728c46d9d66ce4605d3ae', "current_login_ip" = '127.0.0.1', "failed_login_count" = 0, "updated_at" = '2009-10-14 07:14:08', "created_at" = '2009-10-14 07:07:16', "email" = 'blbigelow@gmail.com', "perishable_token" = 'HST9lyoVskA4Z5Xf6Ylx', "last_request_at" = '2009-10-14 07:14:08', "single_access_token" = 'HE1wpY89X1overFddQu7', "last_login_at" = NULL, "last_login_ip" = NULL, "current_login_at" = '2009-10-14 07:07:15', "password_salt" = 'pq9-EvukUR3jkONiOJd-', "crypted_password" = '566712c889b2a54405cf345d4d4a8c58fe4e4e908e28c8a83a05b8b7414a3f91697a7d31d6f3406b85930417ba57f4ac7c4976d3101ef7db4a4b324d18754c87' WHERE "id" = 1[0m

Acl9::AccessDenied (Acl9::AccessDenied):
  /Library/Ruby/Gems/1.8/gems/be9-acl9-0.11.0/lib/acl9/controller_extensions/generators.rb:110:in `to_proc'

Rendered rescues/_trace (2685.5ms)
Rendered rescues/_request_and_response (0.3ms)
Rendering rescues/layout (internal_server_error)


Processing UserSessionsController#index (for 127.0.0.1 at 2009-10-14 01:16:11) [GET]
  Parameters: {"action"=>"index", "controller"=>"user_sessions"}
Rendering template within layouts/application
Rendering user_sessions/index
Completed in 38ms (View: 37, DB: 0) | 200 OK [http://localhost/user_sessions/]


Processing UserSessionsController#new (for 127.0.0.1 at 2009-10-14 01:16:13) [GET]
  Parameters: {"action"=>"new", "controller"=>"user_sessions"}
  [4;36;1mUser Load (1.1ms)[0m   [0;1mSELECT * FROM "users" WHERE ("users"."persistence_token" = 'b126825e227f7257cb4b59214909636ba807f8eaa710cdd4d1d95e594b0687f18d682be3b6e8fdf6e60ec9b3e6ba1efcb8fd7c79722728c46d9d66ce4605d3ae') LIMIT 1[0m
  [4;35;1mUser Update (15.4ms)[0m   [0mUPDATE "users" SET "login_count" = 1, "persistence_token" = 'b126825e227f7257cb4b59214909636ba807f8eaa710cdd4d1d95e594b0687f18d682be3b6e8fdf6e60ec9b3e6ba1efcb8fd7c79722728c46d9d66ce4605d3ae', "current_login_ip" = '127.0.0.1', "failed_login_count" = 0, "updated_at" = '2009-10-14 07:16:14', "created_at" = '2009-10-14 07:07:16', "email" = 'blbigelow@gmail.com', "perishable_token" = 'o52NUQUTfR-uXEmpBd-E', "last_request_at" = '2009-10-14 07:16:14', "single_access_token" = 'HE1wpY89X1overFddQu7', "last_login_at" = NULL, "last_login_ip" = NULL, "current_login_at" = '2009-10-14 07:07:15', "password_salt" = 'pq9-EvukUR3jkONiOJd-', "crypted_password" = '566712c889b2a54405cf345d4d4a8c58fe4e4e908e28c8a83a05b8b7414a3f91697a7d31d6f3406b85930417ba57f4ac7c4976d3101ef7db4a4b324d18754c87' WHERE "id" = 1[0m

Acl9::AccessDenied (Acl9::AccessDenied):
  /Library/Ruby/Gems/1.8/gems/be9-acl9-0.11.0/lib/acl9/controller_extensions/generators.rb:110:in `to_proc'

Rendered rescues/_trace (43.4ms)
Rendered rescues/_request_and_response (0.3ms)
Rendering rescues/layout (internal_server_error)


Processing UserSessionsController#index (for 127.0.0.1 at 2009-10-14 01:17:58) [GET]
  Parameters: {"action"=>"index", "controller"=>"user_sessions"}
Rendering template within layouts/application
Rendering user_sessions/index
Completed in 122ms (View: 120, DB: 0) | 200 OK [http://localhost/user_sessions/]


Processing UserSessionsController#new (for 127.0.0.1 at 2009-10-14 01:18:00) [GET]
  Parameters: {"action"=>"new", "controller"=>"user_sessions"}
  [4;36;1mUser Load (3.2ms)[0m   [0;1mSELECT * FROM "users" WHERE ("users"."persistence_token" = 'b126825e227f7257cb4b59214909636ba807f8eaa710cdd4d1d95e594b0687f18d682be3b6e8fdf6e60ec9b3e6ba1efcb8fd7c79722728c46d9d66ce4605d3ae') LIMIT 1[0m
  [4;35;1mUser Update (0.6ms)[0m   [0mUPDATE "users" SET "login_count" = 1, "persistence_token" = 'b126825e227f7257cb4b59214909636ba807f8eaa710cdd4d1d95e594b0687f18d682be3b6e8fdf6e60ec9b3e6ba1efcb8fd7c79722728c46d9d66ce4605d3ae', "current_login_ip" = '127.0.0.1', "failed_login_count" = 0, "updated_at" = '2009-10-14 07:18:01', "created_at" = '2009-10-14 07:07:16', "email" = 'blbigelow@gmail.com', "perishable_token" = '99LPQr_CfIZ4JG_IfBHn', "last_request_at" = '2009-10-14 07:18:01', "single_access_token" = 'HE1wpY89X1overFddQu7', "last_login_at" = NULL, "last_login_ip" = NULL, "current_login_at" = '2009-10-14 07:07:15', "password_salt" = 'pq9-EvukUR3jkONiOJd-', "crypted_password" = '566712c889b2a54405cf345d4d4a8c58fe4e4e908e28c8a83a05b8b7414a3f91697a7d31d6f3406b85930417ba57f4ac7c4976d3101ef7db4a4b324d18754c87' WHERE "id" = 1[0m

Acl9::AccessDenied (Acl9::AccessDenied):
  /Library/Ruby/Gems/1.8/gems/be9-acl9-0.11.0/lib/acl9/controller_extensions/generators.rb:110:in `to_proc'

Rendered rescues/_trace (48.7ms)
Rendered rescues/_request_and_response (1.7ms)
Rendering rescues/layout (internal_server_error)


Processing UserSessionsController#index (for 127.0.0.1 at 2009-10-14 01:22:04) [GET]
  Parameters: {"action"=>"index", "controller"=>"user_sessions"}
Rendering template within layouts/application
Rendering user_sessions/index
Completed in 33ms (View: 31, DB: 0) | 200 OK [http://localhost/user_sessions/]


Processing UserSessionsController#show (for 127.0.0.1 at 2009-10-14 01:22:07) [GET]
  Parameters: {"action"=>"show", "id"=>"destroy", "controller"=>"user_sessions"}
  [4;36;1mUser Load (39.5ms)[0m   [0;1mSELECT * FROM "users" WHERE ("users"."persistence_token" = 'b126825e227f7257cb4b59214909636ba807f8eaa710cdd4d1d95e594b0687f18d682be3b6e8fdf6e60ec9b3e6ba1efcb8fd7c79722728c46d9d66ce4605d3ae') LIMIT 1[0m
  [4;35;1mUser Update (16.8ms)[0m   [0mUPDATE "users" SET "login_count" = 1, "persistence_token" = 'b126825e227f7257cb4b59214909636ba807f8eaa710cdd4d1d95e594b0687f18d682be3b6e8fdf6e60ec9b3e6ba1efcb8fd7c79722728c46d9d66ce4605d3ae', "current_login_ip" = '127.0.0.1', "failed_login_count" = 0, "updated_at" = '2009-10-14 07:22:08', "created_at" = '2009-10-14 07:07:16', "email" = 'blbigelow@gmail.com', "perishable_token" = '097gNV3T-k1P1KsyVTwc', "last_request_at" = '2009-10-14 07:22:08', "single_access_token" = 'HE1wpY89X1overFddQu7', "last_login_at" = NULL, "last_login_ip" = NULL, "current_login_at" = '2009-10-14 07:07:15', "password_salt" = 'pq9-EvukUR3jkONiOJd-', "crypted_password" = '566712c889b2a54405cf345d4d4a8c58fe4e4e908e28c8a83a05b8b7414a3f91697a7d31d6f3406b85930417ba57f4ac7c4976d3101ef7db4a4b324d18754c87' WHERE "id" = 1[0m

Acl9::AccessDenied (Acl9::AccessDenied):
  /Library/Ruby/Gems/1.8/gems/be9-acl9-0.11.0/lib/acl9/controller_extensions/generators.rb:110:in `to_proc'

Rendered rescues/_trace (541.0ms)
Rendered rescues/_request_and_response (0.4ms)
Rendering rescues/layout (internal_server_error)


Processing UsersController#new (for 127.0.0.1 at 2009-10-14 01:24:10) [GET]
  Parameters: {"action"=>"new", "controller"=>"users"}
  [4;36;1mUser Load (1.3ms)[0m   [0;1mSELECT * FROM "users" WHERE ("users"."persistence_token" = 'b126825e227f7257cb4b59214909636ba807f8eaa710cdd4d1d95e594b0687f18d682be3b6e8fdf6e60ec9b3e6ba1efcb8fd7c79722728c46d9d66ce4605d3ae') LIMIT 1[0m
  [4;35;1mUser Update (18.4ms)[0m   [0mUPDATE "users" SET "login_count" = 1, "persistence_token" = 'b126825e227f7257cb4b59214909636ba807f8eaa710cdd4d1d95e594b0687f18d682be3b6e8fdf6e60ec9b3e6ba1efcb8fd7c79722728c46d9d66ce4605d3ae', "current_login_ip" = '127.0.0.1', "failed_login_count" = 0, "updated_at" = '2009-10-14 07:24:11', "created_at" = '2009-10-14 07:07:16', "email" = 'blbigelow@gmail.com', "perishable_token" = 'e3jP4XxvpX5UELPMKvHY', "last_request_at" = '2009-10-14 07:24:11', "single_access_token" = 'HE1wpY89X1overFddQu7', "last_login_at" = NULL, "last_login_ip" = NULL, "current_login_at" = '2009-10-14 07:07:15', "password_salt" = 'pq9-EvukUR3jkONiOJd-', "crypted_password" = '566712c889b2a54405cf345d4d4a8c58fe4e4e908e28c8a83a05b8b7414a3f91697a7d31d6f3406b85930417ba57f4ac7c4976d3101ef7db4a4b324d18754c87' WHERE "id" = 1[0m

NoMethodError (undefined method `has_role?' for #<User:0x1034cc580>):
  /Library/Ruby/Gems/1.8/gems/be9-acl9-0.11.0/lib/acl9/controller_extensions/generators.rb:109:in `to_proc'

Rendered rescues/_trace (84.6ms)
Rendered rescues/_request_and_response (0.3ms)
Rendering rescues/layout (internal_server_error)


Processing UserSessionsController#new (for 127.0.0.1 at 2009-10-14 21:00:55) [GET]
  Parameters: {"action"=>"new", "controller"=>"user_sessions"}
Rendering template within layouts/application
Rendering user_sessions/new

ActionView::TemplateError (user_session_url failed to generate from {:controller=>"user_sessions", :action=>"show"} - you may have ambiguous routes, or you may need to supply additional parameters for this route.  content_url has the following required parameters: ["user_sessions", :id] - are they all satisfied?) on line #3 of app/views/user_sessions/new.html.erb:
1: <h2>Login</h2>
2: 
3: <% form_for @user_session, :url => user_session_path do |f| -%>
4:   <%= f.label :email, "Email" %>
5: 	<%= f.text_field :email %>
6: 	<br/>

    (eval):16:in `user_session_path'
    app/views/user_sessions/new.html.erb:3

Rendered rescues/_trace (99.0ms)
Rendered rescues/_request_and_response (1.1ms)
Rendering rescues/layout (internal_server_error)


Processing UserSessionsController#index (for 127.0.0.1 at 2009-10-14 21:01:49) [GET]
  Parameters: {"action"=>"index", "controller"=>"user_sessions"}
Rendering template within layouts/application
Rendering user_sessions/index
Completed in 110ms (View: 109, DB: 0) | 200 OK [http://localhost/user_sessions/]


Processing UserSessionsController#new (for 127.0.0.1 at 2009-10-14 21:01:51) [GET]
  Parameters: {"action"=>"new", "controller"=>"user_sessions"}
Rendering template within layouts/application
Rendering user_sessions/new

ActionView::TemplateError (undefined method `crypted_password' for #<UserSession: no credentials provided>) on line #8 of app/views/user_sessions/new.html.erb:
5: 	<%= f.text_field :email %>
6: 	<br/>
7: 	<%= f.label :crypted_password, "Password" %>
8: 	<%= f.password_field :crypted_password %>
9: 	<br/>
10: 	<%= f.label :remember_me, "Remember Me" %>
11: 	<%= f.check_box :remember_me %>

    app/views/user_sessions/new.html.erb:8
    app/views/user_sessions/new.html.erb:3

Rendered rescues/_trace (107.4ms)
Rendered rescues/_request_and_response (0.3ms)
Rendering rescues/layout (internal_server_error)


Processing UserSessionsController#new (for 127.0.0.1 at 2009-10-14 21:03:25) [GET]
  Parameters: {"action"=>"new", "controller"=>"user_sessions"}
Rendering template within layouts/application
Rendering user_sessions/new
Completed in 20ms (View: 8, DB: 0) | 200 OK [http://localhost/user_sessions/new]


Processing UserSessionsController#create (for 127.0.0.1 at 2009-10-14 21:03:31) [POST]
  Parameters: {"commit"=>"Login", "user_session"=>{"remember_me"=>"1", "password"=>"[FILTERED]", "email"=>"bbigelow"}, "action"=>"create", "authenticity_token"=>"lGNLSh9FXwH2MC9g9Qi060k6tdtKjr6lZCCqexSYIIY=", "controller"=>"user_sessions"}
  [4;36;1mUser Load (22.4ms)[0m   [0;1mSELECT * FROM "users" WHERE (LOWER("users".email) = 'bbigelow') LIMIT 1[0m
Rendering template within layouts/application
Rendering user_sessions/new
Completed in 263ms (View: 6, DB: 22) | 200 OK [http://localhost/user_sessions]


Processing UserSessionsController#create (for 127.0.0.1 at 2009-10-14 21:05:16) [POST]
  Parameters: {"commit"=>"Login", "user_session"=>{"remember_me"=>"1", "password"=>"[FILTERED]", "email"=>"blbigelow@gmail.com"}, "action"=>"create", "authenticity_token"=>"lGNLSh9FXwH2MC9g9Qi060k6tdtKjr6lZCCqexSYIIY=", "controller"=>"user_sessions"}
  [4;35;1mUser Load (0.5ms)[0m   [0mSELECT * FROM "users" WHERE (LOWER("users".email) = 'blbigelow@gmail.com') LIMIT 1[0m
  [4;36;1mUser Update (0.4ms)[0m   [0;1mUPDATE "users" SET "login_count" = 2, "persistence_token" = 'b126825e227f7257cb4b59214909636ba807f8eaa710cdd4d1d95e594b0687f18d682be3b6e8fdf6e60ec9b3e6ba1efcb8fd7c79722728c46d9d66ce4605d3ae', "current_login_ip" = '127.0.0.1', "failed_login_count" = 0, "updated_at" = '2009-10-15 03:05:17', "created_at" = '2009-10-14 07:07:16', "email" = 'blbigelow@gmail.com', "perishable_token" = 'uEq-B0vDixFG1MLEM9FK', "last_request_at" = '2009-10-15 03:05:17', "single_access_token" = 'HE1wpY89X1overFddQu7', "last_login_at" = '2009-10-14 07:07:15', "last_login_ip" = '127.0.0.1', "current_login_at" = '2009-10-15 03:05:17', "password_salt" = 'pq9-EvukUR3jkONiOJd-', "crypted_password" = '566712c889b2a54405cf345d4d4a8c58fe4e4e908e28c8a83a05b8b7414a3f91697a7d31d6f3406b85930417ba57f4ac7c4976d3101ef7db4a4b324d18754c87' WHERE "id" = 1[0m

NameError (undefined local variable or method `account_url' for #<UserSessionsController:0x1033d1270>):
  app/controllers/user_sessions_controller.rb:20:in `create'

Rendered rescues/_trace (32.5ms)
Rendered rescues/_request_and_response (0.4ms)
Rendering rescues/layout (internal_server_error)


Processing UserSessionsController#index (for 127.0.0.1 at 2009-10-14 21:05:42) [GET]
  Parameters: {"action"=>"index", "controller"=>"user_sessions"}
Rendering template within layouts/application
Rendering user_sessions/index
Completed in 3ms (View: 2, DB: 0) | 200 OK [http://localhost/user_sessions/]


Processing UserSessionsController#show (for 127.0.0.1 at 2009-10-14 21:05:45) [GET]
  Parameters: {"action"=>"show", "id"=>"destroy", "controller"=>"user_sessions"}
  [4;35;1mUser Load (82.4ms)[0m   [0mSELECT * FROM "users" WHERE ("users"."id" = '1') LIMIT 1[0m
  [4;36;1mUser Update (1.1ms)[0m   [0;1mUPDATE "users" SET "login_count" = 2, "persistence_token" = 'b126825e227f7257cb4b59214909636ba807f8eaa710cdd4d1d95e594b0687f18d682be3b6e8fdf6e60ec9b3e6ba1efcb8fd7c79722728c46d9d66ce4605d3ae', "current_login_ip" = '127.0.0.1', "failed_login_count" = 0, "updated_at" = '2009-10-15 03:05:45', "created_at" = '2009-10-14 07:07:16', "email" = 'blbigelow@gmail.com', "perishable_token" = 'UsA7sftfcz9LP9CcVBa6', "last_request_at" = '2009-10-15 03:05:45', "single_access_token" = 'HE1wpY89X1overFddQu7', "last_login_at" = '2009-10-14 07:07:15', "last_login_ip" = '127.0.0.1', "current_login_at" = '2009-10-15 03:05:17', "password_salt" = 'pq9-EvukUR3jkONiOJd-', "crypted_password" = '566712c889b2a54405cf345d4d4a8c58fe4e4e908e28c8a83a05b8b7414a3f91697a7d31d6f3406b85930417ba57f4ac7c4976d3101ef7db4a4b324d18754c87' WHERE "id" = 1[0m

Acl9::AccessDenied (Acl9::AccessDenied):
  /Library/Ruby/Gems/1.8/gems/be9-acl9-0.11.0/lib/acl9/controller_extensions/generators.rb:110:in `to_proc'

Rendered rescues/_trace (34.0ms)
Rendered rescues/_request_and_response (0.3ms)
Rendering rescues/layout (internal_server_error)


Processing UserSessionsController#index (for 127.0.0.1 at 2009-10-14 21:09:19) [GET]
  Parameters: {"action"=>"index", "controller"=>"user_sessions"}
Rendering template within layouts/application
Rendering user_sessions/index
Completed in 23ms (View: 21, DB: 0) | 200 OK [http://localhost/user_sessions/]


Processing UserSessionsController#new (for 127.0.0.1 at 2009-10-14 21:09:21) [GET]
  Parameters: {"action"=>"new", "controller"=>"user_sessions"}
  [4;36;1mUser Load (0.4ms)[0m   [0;1mSELECT * FROM "users" WHERE ("users"."id" = '1') LIMIT 1[0m
  [4;35;1mUser Update (0.4ms)[0m   [0mUPDATE "users" SET "login_count" = 2, "persistence_token" = 'b126825e227f7257cb4b59214909636ba807f8eaa710cdd4d1d95e594b0687f18d682be3b6e8fdf6e60ec9b3e6ba1efcb8fd7c79722728c46d9d66ce4605d3ae', "current_login_ip" = '127.0.0.1', "failed_login_count" = 0, "updated_at" = '2009-10-15 03:09:21', "created_at" = '2009-10-14 07:07:16', "email" = 'blbigelow@gmail.com', "perishable_token" = '7wRIyZvc5p63ClxewKpP', "last_request_at" = '2009-10-15 03:09:21', "single_access_token" = 'HE1wpY89X1overFddQu7', "last_login_at" = '2009-10-14 07:07:15', "last_login_ip" = '127.0.0.1', "current_login_at" = '2009-10-15 03:05:17', "password_salt" = 'pq9-EvukUR3jkONiOJd-', "crypted_password" = '566712c889b2a54405cf345d4d4a8c58fe4e4e908e28c8a83a05b8b7414a3f91697a7d31d6f3406b85930417ba57f4ac7c4976d3101ef7db4a4b324d18754c87' WHERE "id" = 1[0m

Acl9::AccessDenied (Acl9::AccessDenied):
  /Library/Ruby/Gems/1.8/gems/be9-acl9-0.11.0/lib/acl9/controller_extensions/generators.rb:110:in `to_proc'

Rendered rescues/_trace (34.6ms)
Rendered rescues/_request_and_response (1.1ms)
Rendering rescues/layout (internal_server_error)


Processing UserSessionsController#show (for 127.0.0.1 at 2009-10-14 21:09:31) [GET]
  Parameters: {"action"=>"show", "id"=>"destroy", "controller"=>"user_sessions"}
  [4;36;1mUser Load (0.5ms)[0m   [0;1mSELECT * FROM "users" WHERE ("users"."id" = '1') LIMIT 1[0m
  [4;35;1mUser Update (0.3ms)[0m   [0mUPDATE "users" SET "login_count" = 2, "persistence_token" = 'b126825e227f7257cb4b59214909636ba807f8eaa710cdd4d1d95e594b0687f18d682be3b6e8fdf6e60ec9b3e6ba1efcb8fd7c79722728c46d9d66ce4605d3ae', "current_login_ip" = '127.0.0.1', "failed_login_count" = 0, "updated_at" = '2009-10-15 03:09:31', "created_at" = '2009-10-14 07:07:16', "email" = 'blbigelow@gmail.com', "perishable_token" = '0X4D05rJI9AUdeNMkI28', "last_request_at" = '2009-10-15 03:09:31', "single_access_token" = 'HE1wpY89X1overFddQu7', "last_login_at" = '2009-10-14 07:07:15', "last_login_ip" = '127.0.0.1', "current_login_at" = '2009-10-15 03:05:17', "password_salt" = 'pq9-EvukUR3jkONiOJd-', "crypted_password" = '566712c889b2a54405cf345d4d4a8c58fe4e4e908e28c8a83a05b8b7414a3f91697a7d31d6f3406b85930417ba57f4ac7c4976d3101ef7db4a4b324d18754c87' WHERE "id" = 1[0m

Acl9::AccessDenied (Acl9::AccessDenied):
  /Library/Ruby/Gems/1.8/gems/be9-acl9-0.11.0/lib/acl9/controller_extensions/generators.rb:110:in `to_proc'

Rendered rescues/_trace (96.8ms)
Rendered rescues/_request_and_response (0.3ms)
Rendering rescues/layout (internal_server_error)


Processing UsersController#new (for 127.0.0.1 at 2009-10-14 21:09:35) [GET]
  Parameters: {"action"=>"new", "controller"=>"users"}
  [4;36;1mUser Load (0.4ms)[0m   [0;1mSELECT * FROM "users" WHERE ("users"."id" = '1') LIMIT 1[0m
  [4;35;1mUser Update (0.4ms)[0m   [0mUPDATE "users" SET "login_count" = 2, "persistence_token" = 'b126825e227f7257cb4b59214909636ba807f8eaa710cdd4d1d95e594b0687f18d682be3b6e8fdf6e60ec9b3e6ba1efcb8fd7c79722728c46d9d66ce4605d3ae', "current_login_ip" = '127.0.0.1', "failed_login_count" = 0, "updated_at" = '2009-10-15 03:09:35', "created_at" = '2009-10-14 07:07:16', "email" = 'blbigelow@gmail.com', "perishable_token" = 'GP2Mz5XWFADzSJKpZLW4', "last_request_at" = '2009-10-15 03:09:35', "single_access_token" = 'HE1wpY89X1overFddQu7', "last_login_at" = '2009-10-14 07:07:15', "last_login_ip" = '127.0.0.1', "current_login_at" = '2009-10-15 03:05:17', "password_salt" = 'pq9-EvukUR3jkONiOJd-', "crypted_password" = '566712c889b2a54405cf345d4d4a8c58fe4e4e908e28c8a83a05b8b7414a3f91697a7d31d6f3406b85930417ba57f4ac7c4976d3101ef7db4a4b324d18754c87' WHERE "id" = 1[0m

NoMethodError (undefined method `has_role?' for #<User:0x10355cbd0>):
  /Library/Ruby/Gems/1.8/gems/be9-acl9-0.11.0/lib/acl9/controller_extensions/generators.rb:109:in `to_proc'

Rendered rescues/_trace (33.7ms)
Rendered rescues/_request_and_response (0.3ms)
Rendering rescues/layout (internal_server_error)


Processing UsersController#new (for 127.0.0.1 at 2009-10-14 21:16:24) [GET]
  Parameters: {"action"=>"new", "controller"=>"users"}
  [4;36;1mUser Load (0.4ms)[0m   [0;1mSELECT * FROM "users" WHERE ("users"."id" = '1') LIMIT 1[0m
  [4;35;1mUser Update (0.3ms)[0m   [0mUPDATE "users" SET "login_count" = 2, "persistence_token" = 'b126825e227f7257cb4b59214909636ba807f8eaa710cdd4d1d95e594b0687f18d682be3b6e8fdf6e60ec9b3e6ba1efcb8fd7c79722728c46d9d66ce4605d3ae', "current_login_ip" = '127.0.0.1', "failed_login_count" = 0, "updated_at" = '2009-10-15 03:16:24', "created_at" = '2009-10-14 07:07:16', "email" = 'blbigelow@gmail.com', "perishable_token" = 'n3xaChUgC9LsckVAvsiC', "last_request_at" = '2009-10-15 03:16:24', "single_access_token" = 'HE1wpY89X1overFddQu7', "last_login_at" = '2009-10-14 07:07:15', "last_login_ip" = '127.0.0.1', "current_login_at" = '2009-10-15 03:05:17', "password_salt" = 'pq9-EvukUR3jkONiOJd-', "crypted_password" = '566712c889b2a54405cf345d4d4a8c58fe4e4e908e28c8a83a05b8b7414a3f91697a7d31d6f3406b85930417ba57f4ac7c4976d3101ef7db4a4b324d18754c87' WHERE "id" = 1[0m

NoMethodError (undefined method `has_role?' for #<User:0x1032d8620>):
  /Library/Ruby/Gems/1.8/gems/be9-acl9-0.11.0/lib/acl9/controller_extensions/generators.rb:109:in `to_proc'

Rendered rescues/_trace (96.6ms)
Rendered rescues/_request_and_response (0.3ms)
Rendering rescues/layout (internal_server_error)


Processing UsersController#new (for 127.0.0.1 at 2009-10-14 21:16:58) [GET]
  Parameters: {"action"=>"new", "controller"=>"users"}
  [4;36;1mUser Load (0.4ms)[0m   [0;1mSELECT * FROM "users" WHERE ("users"."id" = '1') LIMIT 1[0m
  [4;35;1mUser Update (0.6ms)[0m   [0mUPDATE "users" SET "login_count" = 2, "persistence_token" = 'b126825e227f7257cb4b59214909636ba807f8eaa710cdd4d1d95e594b0687f18d682be3b6e8fdf6e60ec9b3e6ba1efcb8fd7c79722728c46d9d66ce4605d3ae', "current_login_ip" = '127.0.0.1', "failed_login_count" = 0, "updated_at" = '2009-10-15 03:16:59', "created_at" = '2009-10-14 07:07:16', "email" = 'blbigelow@gmail.com', "perishable_token" = 'L7dGwMpavLvPb3M4a3tB', "last_request_at" = '2009-10-15 03:16:59', "single_access_token" = 'HE1wpY89X1overFddQu7', "last_login_at" = '2009-10-14 07:07:15', "last_login_ip" = '127.0.0.1', "current_login_at" = '2009-10-15 03:05:17', "password_salt" = 'pq9-EvukUR3jkONiOJd-', "crypted_password" = '566712c889b2a54405cf345d4d4a8c58fe4e4e908e28c8a83a05b8b7414a3f91697a7d31d6f3406b85930417ba57f4ac7c4976d3101ef7db4a4b324d18754c87' WHERE "id" = 1[0m

Acl9::AccessDenied (Acl9::AccessDenied):
  /Library/Ruby/Gems/1.8/gems/be9-acl9-0.11.0/lib/acl9/controller_extensions/generators.rb:110:in `to_proc'

Rendered rescues/_trace (31.7ms)
Rendered rescues/_request_and_response (0.3ms)
Rendering rescues/layout (internal_server_error)


Processing UsersController#new (for 127.0.0.1 at 2009-10-14 21:23:09) [GET]
  Parameters: {"action"=>"new", "controller"=>"users"}
  [4;36;1mUser Load (0.5ms)[0m   [0;1mSELECT * FROM "users" WHERE ("users"."id" = '1') LIMIT 1[0m
  [4;35;1mUser Update (0.4ms)[0m   [0mUPDATE "users" SET "login_count" = 2, "persistence_token" = 'b126825e227f7257cb4b59214909636ba807f8eaa710cdd4d1d95e594b0687f18d682be3b6e8fdf6e60ec9b3e6ba1efcb8fd7c79722728c46d9d66ce4605d3ae', "current_login_ip" = '127.0.0.1', "failed_login_count" = 0, "updated_at" = '2009-10-15 03:23:09', "created_at" = '2009-10-14 07:07:16', "email" = 'blbigelow@gmail.com', "perishable_token" = 'po-19jWfxyu8FHx_5oT4', "last_request_at" = '2009-10-15 03:23:09', "single_access_token" = 'HE1wpY89X1overFddQu7', "last_login_at" = '2009-10-14 07:07:15', "last_login_ip" = '127.0.0.1', "current_login_at" = '2009-10-15 03:05:17', "password_salt" = 'pq9-EvukUR3jkONiOJd-', "crypted_password" = '566712c889b2a54405cf345d4d4a8c58fe4e4e908e28c8a83a05b8b7414a3f91697a7d31d6f3406b85930417ba57f4ac7c4976d3101ef7db4a4b324d18754c87' WHERE "id" = 1[0m
  [4;36;1mRole Load (0.4ms)[0m   [0;1mSELECT "roles".* FROM "roles" INNER JOIN "roles_users" ON "roles".id = "roles_users".role_id WHERE ("roles"."name" = 'admin') AND ("roles_users".user_id = 1 ) LIMIT 1[0m
  [4;35;1mRole Load (0.2ms)[0m   [0mSELECT * FROM "roles" WHERE (name = 'admin' and authorizable_type IS NULL and authorizable_id IS NULL) LIMIT 1[0m
  [4;36;1mRole Load (0.3ms)[0m   [0;1mSELECT * FROM "roles" INNER JOIN "roles_users" ON "roles".id = "roles_users".role_id WHERE ("roles_users".user_id = 1 ) [0m
  [4;35;1mRole Load (0.2ms)[0m   [0mSELECT "roles".* FROM "roles" INNER JOIN "roles_users" ON "roles".id = "roles_users".role_id WHERE ("roles"."name" = 'owner') AND ("roles_users".user_id = 1 ) LIMIT 1[0m
  [4;36;1mRole Load (0.1ms)[0m   [0;1mSELECT * FROM "roles" WHERE (name = 'owner' and authorizable_type IS NULL and authorizable_id IS NULL) LIMIT 1[0m

Acl9::AccessDenied (Acl9::AccessDenied):
  /Library/Ruby/Gems/1.8/gems/be9-acl9-0.11.0/lib/acl9/controller_extensions/generators.rb:110:in `to_proc'

Rendered rescues/_trace (33.1ms)
Rendered rescues/_request_and_response (0.4ms)
Rendering rescues/layout (internal_server_error)


Processing UserSessionsController#index (for 127.0.0.1 at 2009-10-14 21:23:20) [GET]
  Parameters: {"action"=>"index", "controller"=>"user_sessions"}
Rendering template within layouts/application
Rendering user_sessions/index
Completed in 3ms (View: 2, DB: 0) | 200 OK [http://localhost/user_sessions/]


Processing UserSessionsController#show (for 127.0.0.1 at 2009-10-14 21:23:21) [GET]
  Parameters: {"action"=>"show", "id"=>"destroy", "controller"=>"user_sessions"}
  [4;35;1mUser Load (0.4ms)[0m   [0mSELECT * FROM "users" WHERE ("users"."id" = '1') LIMIT 1[0m
  [4;36;1mUser Update (0.3ms)[0m   [0;1mUPDATE "users" SET "login_count" = 2, "persistence_token" = 'b126825e227f7257cb4b59214909636ba807f8eaa710cdd4d1d95e594b0687f18d682be3b6e8fdf6e60ec9b3e6ba1efcb8fd7c79722728c46d9d66ce4605d3ae', "current_login_ip" = '127.0.0.1', "failed_login_count" = 0, "updated_at" = '2009-10-15 03:23:21', "created_at" = '2009-10-14 07:07:16', "email" = 'blbigelow@gmail.com', "perishable_token" = 'yIw8cCH6hpFmJuWMh204', "last_request_at" = '2009-10-15 03:23:21', "single_access_token" = 'HE1wpY89X1overFddQu7', "last_login_at" = '2009-10-14 07:07:15', "last_login_ip" = '127.0.0.1', "current_login_at" = '2009-10-15 03:05:17', "password_salt" = 'pq9-EvukUR3jkONiOJd-', "crypted_password" = '566712c889b2a54405cf345d4d4a8c58fe4e4e908e28c8a83a05b8b7414a3f91697a7d31d6f3406b85930417ba57f4ac7c4976d3101ef7db4a4b324d18754c87' WHERE "id" = 1[0m

Acl9::AccessDenied (Acl9::AccessDenied):
  /Library/Ruby/Gems/1.8/gems/be9-acl9-0.11.0/lib/acl9/controller_extensions/generators.rb:110:in `to_proc'

Rendered rescues/_trace (97.5ms)
Rendered rescues/_request_and_response (0.3ms)
Rendering rescues/layout (internal_server_error)


Processing UserSessionsController#new (for 127.0.0.1 at 2009-10-14 21:23:26) [GET]
  Parameters: {"action"=>"new", "controller"=>"user_sessions"}
  [4;35;1mUser Load (0.4ms)[0m   [0mSELECT * FROM "users" WHERE ("users"."id" = '1') LIMIT 1[0m
  [4;36;1mUser Update (0.4ms)[0m   [0;1mUPDATE "users" SET "login_count" = 2, "persistence_token" = 'b126825e227f7257cb4b59214909636ba807f8eaa710cdd4d1d95e594b0687f18d682be3b6e8fdf6e60ec9b3e6ba1efcb8fd7c79722728c46d9d66ce4605d3ae', "current_login_ip" = '127.0.0.1', "failed_login_count" = 0, "updated_at" = '2009-10-15 03:23:26', "created_at" = '2009-10-14 07:07:16', "email" = 'blbigelow@gmail.com', "perishable_token" = 'FjwyEVS4QF5tqyPco4eG', "last_request_at" = '2009-10-15 03:23:26', "single_access_token" = 'HE1wpY89X1overFddQu7', "last_login_at" = '2009-10-14 07:07:15', "last_login_ip" = '127.0.0.1', "current_login_at" = '2009-10-15 03:05:17', "password_salt" = 'pq9-EvukUR3jkONiOJd-', "crypted_password" = '566712c889b2a54405cf345d4d4a8c58fe4e4e908e28c8a83a05b8b7414a3f91697a7d31d6f3406b85930417ba57f4ac7c4976d3101ef7db4a4b324d18754c87' WHERE "id" = 1[0m

Acl9::AccessDenied (Acl9::AccessDenied):
  /Library/Ruby/Gems/1.8/gems/be9-acl9-0.11.0/lib/acl9/controller_extensions/generators.rb:110:in `to_proc'

Rendered rescues/_trace (32.4ms)
Rendered rescues/_request_and_response (0.3ms)
Rendering rescues/layout (internal_server_error)


Processing UserSessionsController#index (for 127.0.0.1 at 2009-10-14 21:26:28) [GET]
  Parameters: {"action"=>"index", "controller"=>"user_sessions"}
Rendering template within layouts/application
Rendering user_sessions/index
Completed in 3ms (View: 2, DB: 0) | 200 OK [http://localhost/user_sessions/]


Processing UserSessionsController#new (for 127.0.0.1 at 2009-10-14 21:26:31) [GET]
  Parameters: {"action"=>"new", "controller"=>"user_sessions"}
  [4;35;1mUser Load (64.0ms)[0m   [0mSELECT * FROM "users" WHERE ("users"."id" = '1') LIMIT 1[0m
  [4;36;1mUser Update (0.4ms)[0m   [0;1mUPDATE "users" SET "login_count" = 2, "persistence_token" = 'b126825e227f7257cb4b59214909636ba807f8eaa710cdd4d1d95e594b0687f18d682be3b6e8fdf6e60ec9b3e6ba1efcb8fd7c79722728c46d9d66ce4605d3ae', "current_login_ip" = '127.0.0.1', "failed_login_count" = 0, "updated_at" = '2009-10-15 03:26:31', "created_at" = '2009-10-14 07:07:16', "email" = 'blbigelow@gmail.com', "perishable_token" = 'FoJoqSTjv40BRcXI_K0O', "last_request_at" = '2009-10-15 03:26:31', "single_access_token" = 'HE1wpY89X1overFddQu7', "last_login_at" = '2009-10-14 07:07:15', "last_login_ip" = '127.0.0.1', "current_login_at" = '2009-10-15 03:05:17', "password_salt" = 'pq9-EvukUR3jkONiOJd-', "crypted_password" = '566712c889b2a54405cf345d4d4a8c58fe4e4e908e28c8a83a05b8b7414a3f91697a7d31d6f3406b85930417ba57f4ac7c4976d3101ef7db4a4b324d18754c87' WHERE "id" = 1[0m

Acl9::AccessDenied (Acl9::AccessDenied):
  /Library/Ruby/Gems/1.8/gems/be9-acl9-0.11.0/lib/acl9/controller_extensions/generators.rb:110:in `to_proc'

Rendered rescues/_trace (32.9ms)
Rendered rescues/_request_and_response (0.4ms)
Rendering rescues/layout (internal_server_error)


Processing UserSessionsController#show (for 127.0.0.1 at 2009-10-14 21:26:50) [GET]
  Parameters: {"action"=>"show", "id"=>"destroy", "controller"=>"user_sessions"}
  [4;35;1mUser Load (0.4ms)[0m   [0mSELECT * FROM "users" WHERE ("users"."id" = '1') LIMIT 1[0m
  [4;36;1mUser Update (0.4ms)[0m   [0;1mUPDATE "users" SET "login_count" = 2, "persistence_token" = 'b126825e227f7257cb4b59214909636ba807f8eaa710cdd4d1d95e594b0687f18d682be3b6e8fdf6e60ec9b3e6ba1efcb8fd7c79722728c46d9d66ce4605d3ae', "current_login_ip" = '127.0.0.1', "failed_login_count" = 0, "updated_at" = '2009-10-15 03:26:50', "created_at" = '2009-10-14 07:07:16', "email" = 'blbigelow@gmail.com', "perishable_token" = '3uwT4U438jZUqqFo6EaW', "last_request_at" = '2009-10-15 03:26:50', "single_access_token" = 'HE1wpY89X1overFddQu7', "last_login_at" = '2009-10-14 07:07:15', "last_login_ip" = '127.0.0.1', "current_login_at" = '2009-10-15 03:05:17', "password_salt" = 'pq9-EvukUR3jkONiOJd-', "crypted_password" = '566712c889b2a54405cf345d4d4a8c58fe4e4e908e28c8a83a05b8b7414a3f91697a7d31d6f3406b85930417ba57f4ac7c4976d3101ef7db4a4b324d18754c87' WHERE "id" = 1[0m

Acl9::AccessDenied (Acl9::AccessDenied):
  /Library/Ruby/Gems/1.8/gems/be9-acl9-0.11.0/lib/acl9/controller_extensions/generators.rb:110:in `to_proc'

Rendered rescues/_trace (32.8ms)
Rendered rescues/_request_and_response (0.3ms)
Rendering rescues/layout (internal_server_error)


Processing UserSessionsController#index (for 127.0.0.1 at 2009-10-14 21:28:52) [GET]
  Parameters: {"action"=>"index", "controller"=>"user_sessions"}
Rendering template within layouts/application
Rendering user_sessions/index
Completed in 3ms (View: 2, DB: 0) | 200 OK [http://localhost/user_sessions/]
  [4;36;1mUser Load (0.2ms)[0m   [0;1mSELECT "users".id FROM "users" WHERE ("users"."persistence_token" = 'ffc720e22642a75c3a4aa583b8f9cb200e7656017df0d69bc854186af8893c78d5bdd63b8f6c750019a0c3e53b58faa79dd62a2654d383a526669001e962f61f') LIMIT 1[0m
  [4;35;1mUser Load (0.1ms)[0m   [0mSELECT "users".id FROM "users" WHERE ("users"."single_access_token" = 'oGRofi47J8FTJh7GjlXU') LIMIT 1[0m
